<?xml version="1.0" encoding="UTF-8"?>
<!-- Generated by org.testng.reporters.JUnitXMLReporter -->
<testsuite hostname="DESKTOP-MUE1MC5" ignored="1" name="Default test" tests="3" failures="0" timestamp="2019-11-18T11:54:45 IST" time="3.559" errors="0">
  <testcase name="addBook" time="3.162" classname="BasicPrograms.LibraryAPI"/>
  <testcase name="addBook" time="0.144" classname="BasicPrograms.LibraryAPI"/>
  <testcase name="addBook" time="0.131" classname="BasicPrograms.LibraryAPI"/>
  <testcase name="deleteBook" time="0.0" classname="BasicPrograms.LibraryAPI">
    <ignored/>
  </testcase> <!-- deleteBook -->
</testsuite> <!-- Default test -->
