<?xml version="1.0" encoding="UTF-8"?>
<testng-results skipped="0" failed="0" ignored="1" total="4" passed="3">
  <reporter-output>
  </reporter-output>
  <suite name="Default suite" duration-ms="3559" started-at="2019-11-18T11:54:41 IST" finished-at="2019-11-18T11:54:45 IST">
    <groups>
    </groups>
    <test name="Default test" duration-ms="3559" started-at="2019-11-18T11:54:41 IST" finished-at="2019-11-18T11:54:45 IST">
      <class name="BasicPrograms.LibraryAPI">
        <test-method status="PASS" signature="setUp()[pri:0, instance:BasicPrograms.LibraryAPI@369f73a2]" name="setUp" is-config="true" duration-ms="13" started-at="2019-11-18T11:54:41 IST" finished-at="2019-11-18T11:54:41 IST">
          <reporter-output>
          </reporter-output>
        </test-method> <!-- setUp -->
        <test-method status="PASS" signature="addBook(java.lang.String, java.lang.String)[pri:2, instance:BasicPrograms.LibraryAPI@369f73a2]" name="addBook" duration-ms="3162" started-at="2019-11-18T11:54:41 IST" description="Add book using Library API" data-provider="BooksData" finished-at="2019-11-18T11:54:45 IST">
          <params>
            <param index="0">
              <value>
                <![CDATA[erihrow]]>
              </value>
            </param>
            <param index="1">
              <value>
                <![CDATA[4552]]>
              </value>
            </param>
          </params>
          <reporter-output>
          </reporter-output>
        </test-method> <!-- addBook -->
        <test-method status="PASS" signature="setUp()[pri:0, instance:BasicPrograms.LibraryAPI@369f73a2]" name="setUp" is-config="true" duration-ms="1" started-at="2019-11-18T11:54:45 IST" finished-at="2019-11-18T11:54:45 IST">
          <reporter-output>
          </reporter-output>
        </test-method> <!-- setUp -->
        <test-method status="PASS" signature="addBook(java.lang.String, java.lang.String)[pri:2, instance:BasicPrograms.LibraryAPI@369f73a2]" name="addBook" duration-ms="144" started-at="2019-11-18T11:54:45 IST" description="Add book using Library API" data-provider="BooksData" finished-at="2019-11-18T11:54:45 IST">
          <params>
            <param index="0">
              <value>
                <![CDATA[fdhgd]]>
              </value>
            </param>
            <param index="1">
              <value>
                <![CDATA[6756]]>
              </value>
            </param>
          </params>
          <reporter-output>
          </reporter-output>
        </test-method> <!-- addBook -->
        <test-method status="PASS" signature="setUp()[pri:0, instance:BasicPrograms.LibraryAPI@369f73a2]" name="setUp" is-config="true" duration-ms="2" started-at="2019-11-18T11:54:45 IST" finished-at="2019-11-18T11:54:45 IST">
          <reporter-output>
          </reporter-output>
        </test-method> <!-- setUp -->
        <test-method status="PASS" signature="addBook(java.lang.String, java.lang.String)[pri:2, instance:BasicPrograms.LibraryAPI@369f73a2]" name="addBook" duration-ms="131" started-at="2019-11-18T11:54:45 IST" description="Add book using Library API" data-provider="BooksData" finished-at="2019-11-18T11:54:45 IST">
          <params>
            <param index="0">
              <value>
                <![CDATA[fhjfh]]>
              </value>
            </param>
            <param index="1">
              <value>
                <![CDATA[7997]]>
              </value>
            </param>
          </params>
          <reporter-output>
          </reporter-output>
        </test-method> <!-- addBook -->
      </class> <!-- BasicPrograms.LibraryAPI -->
    </test> <!-- Default test -->
  </suite> <!-- Default suite -->
</testng-results>
